<?xml version="1.0" encoding="UTF-8"?>
<testsuite name="com.ordering.customer.CustomerTest" tests="1" skipped="0" failures="0" errors="0" timestamp="2021-01-26T20:17:11" hostname="KARANTH-LENOVO" time="0.094">
  <properties/>
  <testcase name="itemizedListOfFood()" classname="com.ordering.customer.CustomerTest" time="0.094"/>
  <system-out><![CDATA[]]></system-out>
  <system-err><![CDATA[]]></system-err>
</testsuite>
