<?xml version="1.0" encoding="UTF-8"?>
<testsuite name="com.ordering.customer.CustomerTest" tests="1" skipped="0" failures="0" errors="0" timestamp="2021-01-26T19:42:26" hostname="KARANTH-LENOVO" time="0.045">
  <properties/>
  <testcase name="addingMultipleItems_updatesTotalPrice()" classname="com.ordering.customer.CustomerTest" time="0.045"/>
  <system-out><![CDATA[]]></system-out>
  <system-err><![CDATA[]]></system-err>
</testsuite>
